<?xml version="1.0" encoding="UTF-8"?>
<!-- Generated by org.testng.reporters.JUnitReportReporter -->
<testsuite hostname="JonathaN-VAIO" name="com.pe.desarollaprueba.test.SedeTest" tests="4" failures="0" timestamp="22 Feb 2015 00:08:10 GMT" time="0,250" errors="0">
  <testcase name="insertar" time="0,094" classname="com.pe.desarollaprueba.test.SedeTest"/>
  <testcase name="tiempo" time="0,109" classname="com.pe.desarollaprueba.test.SedeTest"/>
  <testcase name="actualizar" time="0,016" classname="com.pe.desarollaprueba.test.SedeTest"/>
  <testcase name="Listar" time="0,031" classname="com.pe.desarollaprueba.test.SedeTest"/>
</testsuite>
