<?xml version="1.0" encoding="UTF-8"?>
<!-- Generated by org.testng.reporters.JUnitReportReporter -->
<testsuite hostname="JonathaN-VAIO" name="com.pe.desarollaprueba.test.AlumnoTest" tests="5" failures="0" timestamp="22 Feb 2015 00:08:10 GMT" time="2,200" errors="0">
  <testcase name="tiempo" time="0,281" classname="com.pe.desarollaprueba.test.AlumnoTest"/>
  <testcase name="actualizar" time="0,171" classname="com.pe.desarollaprueba.test.AlumnoTest"/>
  <testcase name="insertar" time="1,627" classname="com.pe.desarollaprueba.test.AlumnoTest"/>
  <testcase name="eliminar" time="0,078" classname="com.pe.desarollaprueba.test.AlumnoTest"/>
  <testcase name="Listar" time="0,043" classname="com.pe.desarollaprueba.test.AlumnoTest"/>
</testsuite>
